<?xml version="1.0" encoding="UTF-8"?>
<!-- Generated by org.testng.reporters.JUnitReportReporter -->
<testsuite hostname="BLRKEC600312L" failures="0" tests="2" name="TestNg.demo1" time="0.011" errors="0" timestamp="2024-08-04T19:50:58 IST" skipped="0">
  <testcase classname="TestNg.demo1" name="getdata1" time="0.001"/>
  <system-out/>
  <testcase classname="TestNg.demo1" name="setdata" time="0.010"/>
  <system-out/>
</testsuite> <!-- TestNg.demo1 -->
