<?xml version="1.0" encoding="UTF-8"?>
<!-- Generated by org.testng.reporters.JUnitReportReporter -->
<testsuite hostname="BLRKEC600312L" failures="0" tests="2" name="selenium.seleniumjava.demo2" time="0.014" errors="0" timestamp="2024-08-03T16:24:58 IST" skipped="0">
  <testcase classname="selenium.seleniumjava.demo2" name="siri" time="0.014"/>
  <system-out/>
  <testcase classname="selenium.seleniumjava.demo2" name="sirisha" time="0.000"/>
  <system-out/>
</testsuite> <!-- selenium.seleniumjava.demo2 -->
