<?xml version="1.0" encoding="UTF-8"?>
<!-- Generated by org.testng.reporters.JUnitReportReporter -->
<testsuite hostname="BLRKEC600312L" failures="0" tests="1" name="TestNg.demo2" time="0.002" errors="0" timestamp="2024-08-04T19:09:53 IST" skipped="0">
  <testcase classname="TestNg.demo2" name="siri" time="0.002"/>
  <system-out/>
</testsuite> <!-- TestNg.demo2 -->
