<?xml version="1.0" encoding="UTF-8"?>
<!-- Generated by org.testng.reporters.JUnitReportReporter -->
<testsuite hostname="BLRKEC600312L" failures="0" tests="1" name="selenium.seleniumjava.demo1" time="0.011" errors="0" timestamp="2024-08-02T16:01:36 IST" skipped="0">
  <testcase classname="selenium.seleniumjava.demo1" name="getdata" time="0.011"/>
  <system-out/>
</testsuite> <!-- selenium.seleniumjava.demo1 -->
